2024-08-11T15:44:36.583Z : kyo181 joined map-1
2024-08-11T15:44:40.037Z : kyo181 left map-1
2024-08-11T15:44:40.038Z : kyo181 joined map-3
2024-08-11T15:51:11.429Z : kyo181 disconnected from the game.
2024-08-11T16:09:05.209Z : kiho123 joined map-1
2024-08-11T16:09:08.288Z : kiho123 left map-1
2024-08-11T16:09:08.292Z : kiho123 joined map-3
2024-08-11T16:10:37.421Z : kiho123 joined map-3
2024-08-11T16:10:40.223Z : kiho123 joined map-3
2024-08-11T16:19:30.324Z : kiho123 joined map-3
2024-08-11T16:20:17.008Z : kiho123 disconnected from the game.
2024-08-11T16:39:35.460Z : kyo181 joined map-1
2024-08-11T16:39:43.378Z : kyo181 left map-1
2024-08-11T16:39:43.378Z : kyo181 joined map-3
2024-08-11T16:40:15.135Z : test1 joined map-1
2024-08-11T16:40:18.066Z : test1 left map-1
2024-08-11T16:40:18.068Z : test1 joined map-3
2024-08-11T16:40:18.070Z : kyo181 transmitted its position to S6Pf2x4w4FYOs39GAAAD
2024-08-11T16:40:48.717Z : kyo181 joined map-3
2024-08-11T16:40:48.721Z : test1 transmitted its position to yKgeGb9JIhSD7Tq9AAAB
2024-08-11T16:40:51.744Z : kyo181 joined map-3
2024-08-11T16:40:51.750Z : test1 transmitted its position to yKgeGb9JIhSD7Tq9AAAB
2024-08-11T16:40:58.643Z : test1 joined map-3
2024-08-11T16:40:58.644Z : kyo181 transmitted its position to S6Pf2x4w4FYOs39GAAAD
2024-08-11T16:40:59.874Z : test1 joined map-3
2024-08-11T16:40:59.875Z : kyo181 transmitted its position to S6Pf2x4w4FYOs39GAAAD
2024-08-11T16:41:01.563Z : test1 joined map-3
2024-08-11T16:41:01.564Z : kyo181 transmitted its position to S6Pf2x4w4FYOs39GAAAD
2024-08-11T16:41:02.759Z : test1 joined map-3
2024-08-11T16:41:02.761Z : kyo181 transmitted its position to S6Pf2x4w4FYOs39GAAAD
2024-08-11T16:41:18.177Z : test1 disconnected from the game.
2024-08-11T16:53:50.758Z : test1 joined map-3
2024-08-11T16:53:50.759Z : kyo181 transmitted its position to kUBoJIuZo5CM_KU4AAAE
2024-08-11T16:54:07.078Z : test1 joined map-3
2024-08-11T16:54:07.079Z : kyo181 transmitted its position to kUBoJIuZo5CM_KU4AAAE
2024-08-11T16:54:16.700Z : test1 joined map-3
2024-08-11T16:54:16.701Z : kyo181 transmitted its position to kUBoJIuZo5CM_KU4AAAE
2024-08-11T16:54:19.500Z : test1 joined map-3
2024-08-11T16:54:19.501Z : kyo181 transmitted its position to kUBoJIuZo5CM_KU4AAAE
2024-08-11T16:54:36.483Z : test1 joined map-3
2024-08-11T16:54:36.484Z : kyo181 transmitted its position to kUBoJIuZo5CM_KU4AAAE
2024-08-11T16:54:45.155Z : test1 joined map-3
2024-08-11T16:54:45.156Z : kyo181 transmitted its position to kUBoJIuZo5CM_KU4AAAE
2024-08-11T16:54:46.630Z : test1 joined map-3
2024-08-11T16:54:46.632Z : kyo181 transmitted its position to kUBoJIuZo5CM_KU4AAAE
2024-08-11T16:54:51.340Z : test1 disconnected from the game.
2024-08-11T16:55:06.210Z : test1 joined map-3
2024-08-11T16:55:06.212Z : kyo181 transmitted its position to RSsbbgEOK31YBlPeAAAF
2024-08-11T16:55:07.984Z : test1 disconnected from the game.
2024-08-11T16:55:18.829Z : test1 joined map-3
2024-08-11T16:55:18.831Z : kyo181 transmitted its position to Sl2TllbuyO5b0lOOAAAG
2024-08-11T16:55:20.054Z : test1 disconnected from the game.
2024-08-11T16:55:36.987Z : test1 joined map-3
2024-08-11T16:55:36.993Z : kyo181 transmitted its position to 4jBFXqiK4ZbATbjOAAAH
2024-08-11T16:55:38.439Z : test1 joined map-3
2024-08-11T16:55:38.443Z : kyo181 transmitted its position to 4jBFXqiK4ZbATbjOAAAH
2024-08-11T16:55:45.560Z : test1 joined map-3
2024-08-11T16:55:45.562Z : kyo181 transmitted its position to 4jBFXqiK4ZbATbjOAAAH
2024-08-11T16:55:55.876Z : test1 disconnected from the game.
2024-08-11T16:56:07.542Z : test1 joined map-3
2024-08-11T16:56:07.544Z : kyo181 transmitted its position to e_SQC41-p_RUf_GkAAAI
2024-08-11T16:56:13.015Z : test1 disconnected from the game.
2024-08-11T17:00:34.703Z : test1 joined map-3
2024-08-11T17:00:34.703Z : kyo181 transmitted its position to Lry2wS6McuV12jQ3AAAJ
2024-08-11T17:00:37.990Z : test1 disconnected from the game.
2024-08-11T17:00:57.774Z : test1 joined map-3
2024-08-11T17:00:57.775Z : kyo181 transmitted its position to wtDG1qU-qlMuqs2IAAAK
2024-08-11T17:01:00.077Z : test1 joined map-3
2024-08-11T17:01:00.078Z : kyo181 transmitted its position to wtDG1qU-qlMuqs2IAAAK
2024-08-11T17:01:01.370Z : test1 joined map-3
2024-08-11T17:01:01.371Z : kyo181 transmitted its position to wtDG1qU-qlMuqs2IAAAK
2024-08-11T17:01:10.231Z : test1 joined map-3
2024-08-11T17:01:10.231Z : kyo181 transmitted its position to wtDG1qU-qlMuqs2IAAAK
2024-08-11T17:01:12.083Z : test1 joined map-3
2024-08-11T17:01:12.085Z : kyo181 transmitted its position to wtDG1qU-qlMuqs2IAAAK
2024-08-11T17:01:21.047Z : test1 disconnected from the game.
2024-08-11T17:01:32.664Z : test1 joined map-3
2024-08-11T17:01:32.667Z : kyo181 transmitted its position to NSGUWfHgdfY7HPzdAAAL
2024-08-11T17:01:33.966Z : test1 disconnected from the game.
2024-08-11T17:02:50.316Z : test1 joined map-3
2024-08-11T17:02:50.318Z : kyo181 transmitted its position to CLs6fvVEQfTzuHboAAAM
2024-08-11T17:02:52.210Z : test1 joined map-3
2024-08-11T17:02:52.211Z : kyo181 transmitted its position to CLs6fvVEQfTzuHboAAAM
2024-08-11T17:02:53.993Z : test1 joined map-3
2024-08-11T17:02:53.995Z : kyo181 transmitted its position to CLs6fvVEQfTzuHboAAAM
2024-08-11T17:03:01.197Z : test1 disconnected from the game.
2024-08-11T17:04:08.208Z : test1 joined map-3
2024-08-11T17:04:08.210Z : kyo181 transmitted its position to TRCQQOPSMQvWjDC_AAAN
2024-08-11T17:04:10.732Z : test1 joined map-3
2024-08-11T17:04:10.733Z : kyo181 transmitted its position to TRCQQOPSMQvWjDC_AAAN
2024-08-11T17:04:12.233Z : test1 joined map-3
2024-08-11T17:04:12.234Z : kyo181 transmitted its position to TRCQQOPSMQvWjDC_AAAN
2024-08-11T17:04:24.451Z : kyo181 joined map-3
2024-08-11T17:04:24.453Z : test1 transmitted its position to yKgeGb9JIhSD7Tq9AAAB
2024-08-11T17:04:26.766Z : kyo181 joined map-3
2024-08-11T17:04:26.771Z : test1 transmitted its position to yKgeGb9JIhSD7Tq9AAAB
2024-08-11T17:04:39.103Z : test1 joined map-3
2024-08-11T17:04:39.104Z : kyo181 transmitted its position to TRCQQOPSMQvWjDC_AAAN
2024-08-11T17:04:40.397Z : test1 joined map-3
2024-08-11T17:04:40.397Z : kyo181 transmitted its position to TRCQQOPSMQvWjDC_AAAN
2024-08-11T17:04:44.104Z : test1 joined map-3
2024-08-11T17:04:44.104Z : kyo181 transmitted its position to TRCQQOPSMQvWjDC_AAAN
2024-08-11T17:04:45.294Z : test1 joined map-3
2024-08-11T17:04:45.295Z : kyo181 transmitted its position to TRCQQOPSMQvWjDC_AAAN
2024-08-11T17:06:08.409Z : test1 disconnected from the game.
2024-08-11T17:06:18.355Z : test1 joined map-3
2024-08-11T17:06:18.358Z : kyo181 transmitted its position to nKmL73jJ3kb442KnAAAO
2024-08-11T17:06:26.032Z : test1 disconnected from the game.
2024-08-11T17:06:37.581Z : test1 joined map-3
2024-08-11T17:06:37.584Z : kyo181 transmitted its position to Bm06-2MAkhxj3Vz2AAAP
2024-08-11T17:06:39.995Z : test1 joined map-3
2024-08-11T17:06:39.995Z : kyo181 transmitted its position to Bm06-2MAkhxj3Vz2AAAP
2024-08-11T17:06:41.180Z : test1 joined map-3
2024-08-11T17:06:41.181Z : kyo181 transmitted its position to Bm06-2MAkhxj3Vz2AAAP
2024-08-11T17:06:43.959Z : test1 joined map-3
2024-08-11T17:06:43.960Z : kyo181 transmitted its position to Bm06-2MAkhxj3Vz2AAAP
2024-08-11T17:06:45.170Z : test1 joined map-3
2024-08-11T17:06:45.170Z : kyo181 transmitted its position to Bm06-2MAkhxj3Vz2AAAP
2024-08-11T17:07:14.867Z : test1 joined map-3
2024-08-11T17:07:14.868Z : kyo181 transmitted its position to Bm06-2MAkhxj3Vz2AAAP
2024-08-11T17:07:19.169Z : test1 joined map-3
2024-08-11T17:07:19.170Z : kyo181 transmitted its position to Bm06-2MAkhxj3Vz2AAAP
2024-08-11T17:07:28.846Z : test1 joined map-3
2024-08-11T17:07:28.846Z : kyo181 transmitted its position to Bm06-2MAkhxj3Vz2AAAP
2024-08-11T17:07:30.672Z : test1 joined map-3
2024-08-11T17:07:30.672Z : kyo181 transmitted its position to Bm06-2MAkhxj3Vz2AAAP
2024-08-11T17:09:15.368Z : test1 disconnected from the game.
2024-08-11T17:13:53.939Z : test1 joined map-3
2024-08-11T17:13:53.942Z : kyo181 transmitted its position to bmF6gaPtZmZzgoC5AAAQ
2024-08-11T17:14:11.298Z : kyo181 joined map-3
2024-08-11T17:14:11.306Z : test1 transmitted its position to yKgeGb9JIhSD7Tq9AAAB
2024-08-11T17:14:12.556Z : kyo181 joined map-3
2024-08-11T17:14:12.558Z : test1 transmitted its position to yKgeGb9JIhSD7Tq9AAAB
2024-08-11T17:18:49.654Z : test1 disconnected from the game.
2024-08-11T17:21:15.837Z : test1 joined map-3
2024-08-11T17:21:15.840Z : kyo181 transmitted its position to fzECuoAbEIsa4gvQAAAU
2024-08-11T17:21:18.074Z : test1 disconnected from the game.
2024-08-11T17:27:09.818Z : test1 joined map-3
2024-08-11T17:27:09.819Z : kyo181 transmitted its position to v2m0-8C8r5Wc_H7mAAAX
2024-08-11T17:28:19.264Z : test1 disconnected from the game.
2024-08-11T17:28:26.211Z : test1 joined map-3
2024-08-11T17:28:26.212Z : kyo181 transmitted its position to XLEEhLDYKQ5U6L1BAAAY
2024-08-11T17:28:32.491Z : test1 joined map-3
2024-08-11T17:28:32.492Z : kyo181 transmitted its position to XLEEhLDYKQ5U6L1BAAAY
2024-08-11T17:28:33.708Z : test1 joined map-3
2024-08-11T17:28:33.708Z : kyo181 transmitted its position to XLEEhLDYKQ5U6L1BAAAY
2024-08-11T17:30:35.512Z : test1 disconnected from the game.
2024-08-11T17:31:20.155Z : test1 joined map-3
2024-08-11T17:31:20.158Z : kyo181 transmitted its position to zWDUaQIOH9qY_ncnAAAa
2024-08-11T17:31:24.951Z : test1 joined map-3
2024-08-11T17:31:24.952Z : kyo181 transmitted its position to zWDUaQIOH9qY_ncnAAAa
2024-08-11T17:31:26.148Z : test1 joined map-3
2024-08-11T17:31:26.150Z : kyo181 transmitted its position to zWDUaQIOH9qY_ncnAAAa
2024-08-11T17:31:31.433Z : test1 joined map-3
2024-08-11T17:31:31.434Z : kyo181 transmitted its position to zWDUaQIOH9qY_ncnAAAa
2024-08-11T17:31:33.273Z : test1 joined map-3
2024-08-11T17:31:33.274Z : kyo181 transmitted its position to zWDUaQIOH9qY_ncnAAAa
2024-08-11T17:31:37.430Z : test1 disconnected from the game.
2024-08-11T17:37:54.860Z : test1 joined map-3
2024-08-11T17:37:54.862Z : kyo181 transmitted its position to OgwpUGtoUlQQU78cAAAd
2024-08-11T17:38:13.042Z : test1 disconnected from the game.
2024-08-11T17:40:32.487Z : test1 joined map-3
2024-08-11T17:40:32.490Z : kyo181 transmitted its position to 03Fy7i1MgirGpNolAAAe
2024-08-11T17:40:36.499Z : test1 joined map-3
2024-08-11T17:40:36.500Z : kyo181 transmitted its position to 03Fy7i1MgirGpNolAAAe
2024-08-11T17:40:37.707Z : test1 joined map-3
2024-08-11T17:40:37.709Z : kyo181 transmitted its position to 03Fy7i1MgirGpNolAAAe
2024-08-11T17:40:42.391Z : test1 disconnected from the game.
2024-08-11T17:41:49.744Z : test1 joined map-3
2024-08-11T17:41:49.746Z : kyo181 transmitted its position to ZxYS86k8q2tIpUFWAAAf
2024-08-11T17:41:57.862Z : test1 disconnected from the game.
2024-08-11T17:42:26.722Z : test1 joined map-3
2024-08-11T17:42:26.725Z : kyo181 transmitted its position to TbQItyeVP7gwy1FpAAAg
2024-08-11T17:42:29.295Z : test1 disconnected from the game.
2024-08-11T17:42:44.379Z : test1 joined map-3
2024-08-11T17:42:44.380Z : kyo181 transmitted its position to a38WE2As8AcXhhMOAAAh
2024-08-11T17:43:33.061Z : test1 disconnected from the game.
2024-08-11T17:43:53.750Z : test1 joined map-3
2024-08-11T17:43:53.753Z : kyo181 transmitted its position to WCu3jBI1ooU3JkwrAAAi
2024-08-11T17:44:10.094Z : test1 disconnected from the game.
2024-08-11T17:47:36.024Z : test1 joined map-3
2024-08-11T17:47:36.026Z : kyo181 transmitted its position to 9_dqYS4dAF3ZygJPAAAj
2024-08-11T17:47:58.783Z : test1 disconnected from the game.
2024-08-11T17:48:16.405Z : test1 joined map-3
2024-08-11T17:48:16.405Z : kyo181 transmitted its position to WAXWJeM0mlKZpSmWAAAk
2024-08-11T17:48:21.011Z : test1 joined map-3
2024-08-11T17:48:21.013Z : kyo181 transmitted its position to WAXWJeM0mlKZpSmWAAAk
2024-08-11T17:48:22.208Z : test1 joined map-3
2024-08-11T17:48:22.210Z : kyo181 transmitted its position to WAXWJeM0mlKZpSmWAAAk
2024-08-11T17:48:31.067Z : test1 joined map-3
2024-08-11T17:48:31.068Z : kyo181 transmitted its position to WAXWJeM0mlKZpSmWAAAk
2024-08-11T17:48:42.496Z : kyo181 joined map-3
2024-08-11T17:48:42.502Z : test1 transmitted its position to yKgeGb9JIhSD7Tq9AAAB
2024-08-11T17:50:14.505Z : test1 disconnected from the game.
2024-08-11T17:51:02.877Z : test1 joined map-3
2024-08-11T17:51:02.879Z : kyo181 transmitted its position to CnZ5RgOGnW0f3LyzAAAm
2024-08-11T17:51:33.516Z : test1 disconnected from the game.
2024-08-11T17:53:24.766Z : test1 joined map-3
2024-08-11T17:53:24.768Z : kyo181 transmitted its position to sJVQ3DqzVt0JXVIuAAAn
2024-08-11T17:53:32.119Z : test1 disconnected from the game.
2024-08-11T17:55:36.626Z : test1 joined map-3
2024-08-11T17:55:36.629Z : kyo181 transmitted its position to EPoRE-xxRrBYkifwAAAo
2024-08-11T17:58:06.711Z : test1 disconnected from the game.
2024-08-11T17:59:23.623Z : kyo181 disconnected from the game.
